<?xml version="1.0" encoding="UTF-8"?>
<testng-results ignored="0" total="1" passed="1" failed="0" skipped="0">
  <reporter-output>
    <line>
      <![CDATA[Reading url from properties file]]>
    </line>
    <line>
      <![CDATA[launching Browser]]>
    </line>
    <line>
      <![CDATA[click on gender]]>
    </line>
    <line>
      <![CDATA[click on next button of health plan page]]>
    </line>
    <line>
      <![CDATA[reading data from excel]]>
    </line>
    <line>
      <![CDATA[handeling age drop down]]>
    </line>
    <line>
      <![CDATA[Clicking on next button of MemberDEtailPage]]>
    </line>
    <line>
      <![CDATA[reading data from excel]]>
    </line>
    <line>
      <![CDATA[entering pin code]]>
    </line>
    <line>
      <![CDATA[reading data from excel]]>
    </line>
    <line>
      <![CDATA[entering mobile number]]>
    </line>
    <line>
      <![CDATA[click on continue button on address details page]]>
    </line>
    <line>
      <![CDATA[getting plan number from text]]>
    </line>
    <line>
      <![CDATA[getting plan number from plan cards]]>
    </line>
    <line>
      <![CDATA[Plan number are matching TC is passed]]>
    </line>
    <line>
      <![CDATA[taking screenshot, svaed atC:\Users\user\Anjali\eclipse-workspace\Nov23Batch24_Maven\screenshotvalidateCoverFoxPlans.png]]>
    </line>
    <line>
      <![CDATA[closing browser]]>
    </line>
    <line>
      <![CDATA[closing Browser]]>
    </line>
  </reporter-output>
  <suite started-at="2025-04-21T18:57:18 IST" name="Default suite" finished-at="2025-04-21T18:57:54 IST" duration-ms="35976">
    <groups>
    </groups>
    <test started-at="2025-04-21T18:57:18 IST" name="Default test" finished-at="2025-04-21T18:57:54 IST" duration-ms="35976">
      <class name="com.coverFox_test.CoverFoxTestUsingTestNGclass">
        <test-method is-config="true" signature="launchBrowser()[pri:0, instance:com.coverFox_test.CoverFoxTestUsingTestNGclass@4961f6af]" started-at="2025-04-21T18:57:18 IST" name="launchBrowser" finished-at="2025-04-21T18:57:34 IST" duration-ms="15961" status="PASS">
          <reporter-output>
            <line>
              <![CDATA[Reading url from properties file]]>
            </line>
            <line>
              <![CDATA[launching Browser]]>
            </line>
          </reporter-output>
        </test-method> <!-- launchBrowser -->
        <test-method is-config="true" signature="coverFoxPrecondition()[pri:0, instance:com.coverFox_test.CoverFoxTestUsingTestNGclass@4961f6af]" started-at="2025-04-21T18:57:34 IST" name="coverFoxPrecondition" finished-at="2025-04-21T18:57:52 IST" duration-ms="18186" status="PASS">
          <reporter-output>
            <line>
              <![CDATA[click on gender]]>
            </line>
            <line>
              <![CDATA[click on next button of health plan page]]>
            </line>
            <line>
              <![CDATA[reading data from excel]]>
            </line>
            <line>
              <![CDATA[handeling age drop down]]>
            </line>
            <line>
              <![CDATA[Clicking on next button of MemberDEtailPage]]>
            </line>
            <line>
              <![CDATA[reading data from excel]]>
            </line>
            <line>
              <![CDATA[entering pin code]]>
            </line>
            <line>
              <![CDATA[reading data from excel]]>
            </line>
            <line>
              <![CDATA[entering mobile number]]>
            </line>
            <line>
              <![CDATA[click on continue button on address details page]]>
            </line>
          </reporter-output>
        </test-method> <!-- coverFoxPrecondition -->
        <test-method signature="validateCoverFoxPlans()[pri:0, instance:com.coverFox_test.CoverFoxTestUsingTestNGclass@4961f6af]" started-at="2025-04-21T18:57:52 IST" name="validateCoverFoxPlans" finished-at="2025-04-21T18:57:53 IST" duration-ms="462" status="PASS">
          <reporter-output>
            <line>
              <![CDATA[getting plan number from text]]>
            </line>
            <line>
              <![CDATA[getting plan number from plan cards]]>
            </line>
            <line>
              <![CDATA[Plan number are matching TC is passed]]>
            </line>
            <line>
              <![CDATA[taking screenshot, svaed atC:\Users\user\Anjali\eclipse-workspace\Nov23Batch24_Maven\screenshotvalidateCoverFoxPlans.png]]>
            </line>
          </reporter-output>
        </test-method> <!-- validateCoverFoxPlans -->
        <test-method is-config="true" signature="closeBrowser()[pri:0, instance:com.coverFox_test.CoverFoxTestUsingTestNGclass@4961f6af]" started-at="2025-04-21T18:57:53 IST" name="closeBrowser" finished-at="2025-04-21T18:57:54 IST" duration-ms="1204" status="PASS">
          <reporter-output>
            <line>
              <![CDATA[closing browser]]>
            </line>
            <line>
              <![CDATA[closing Browser]]>
            </line>
          </reporter-output>
        </test-method> <!-- closeBrowser -->
      </class> <!-- com.coverFox_test.CoverFoxTestUsingTestNGclass -->
    </test> <!-- Default test -->
  </suite> <!-- Default suite -->
</testng-results>
